2024-03-11 16:04:13.418 [info] Added views:workbench.panel.markers.view in workbench.panel.markers
2024-03-11 16:04:13.418 [info] Added views:workbench.panel.output in workbench.panel.output
2024-03-11 16:04:13.418 [info] Added views:terminal in terminal
2024-03-11 16:04:13.418 [info] Added views:outline in workbench.view.explorer
2024-03-11 16:04:13.418 [info] Added views:workbench.scm in workbench.view.scm
2024-03-11 16:04:13.418 [info] Added views:workbench.view.search in workbench.view.search
2024-03-11 16:04:13.418 [info] Added views:timeline in workbench.view.explorer
2024-03-11 16:04:13.418 [info] Added views:workbench.explorer.fileView in workbench.view.explorer
2024-03-11 16:04:13.678 [info] Added views:workbench.debug.welcome in workbench.view.debug
2024-03-11 16:04:14.511 [info] Added views:workbench.panel.repl.view in workbench.panel.repl
2024-03-11 16:04:15.097 [info] Added views:~remote.forwardedPorts in ~remote.forwardedPortsContainer
2024-03-11 16:04:15.317 [info] Added views:workbench.view.testing in workbench.view.extension.test
2024-03-15 16:25:26.709 [info] Added views:workbench.debug.breakPointsView in workbench.view.debug
2024-03-15 16:25:31.948 [info] Added views:workbench.views.extensions.installed,workbench.views.extensions.popular,extensions.recommendedList in workbench.view.extensions
2024-03-15 16:25:31.952 [info] Removed views:workbench.views.extensions.popular from workbench.view.extensions
2024-03-15 16:25:32.599 [info] Removed views:extensions.recommendedList,workbench.views.extensions.installed from workbench.view.extensions
2024-03-15 16:25:32.607 [info] Added views:workbench.views.extensions.marketplace in workbench.view.extensions
2024-03-15 16:25:50.262 [info] Added views:connectionProvider,queryHistoryProvider,tuningServerProvider,tuningHistoryProvider in workbench.view.extension.db2DevExtensionActivityBar
2024-03-15 16:26:09.238 [info] Removed views:workbench.debug.welcome from workbench.view.debug
2024-03-15 16:26:09.296 [info] Added views:workbench.debug.variablesView,workbench.debug.watchExpressionsView,workbench.debug.callStackView in workbench.view.debug
2024-03-15 16:28:25.001 [info] Added views:sqltoolsViewConnectionExplorer,sqltoolsViewBookmarksExplorer,sqltoolsViewHistoryExplorer in workbench.view.extension.sqltoolsActivityBarContainer
2024-03-15 16:28:25.013 [info] Added views:sqltoolsViewConsoleMessages in workbench.view.extension.sqltoolsPanelContainer
2024-03-15 16:38:47.154 [info] Removed views:workbench.view.testing from workbench.view.extension.test
2024-03-15 16:38:48.345 [info] Added views:workbench.panel.markers.view in workbench.panel.markers
2024-03-15 16:38:48.345 [info] Added views:workbench.panel.output in workbench.panel.output
2024-03-15 16:38:48.345 [info] Added views:terminal in terminal
2024-03-15 16:38:48.345 [info] Added views:outline in workbench.view.explorer
2024-03-15 16:38:48.345 [info] Added views:workbench.scm in workbench.view.scm
2024-03-15 16:38:48.345 [info] Added views:workbench.view.search in workbench.view.search
2024-03-15 16:38:48.345 [info] Added views:timeline in workbench.view.explorer
2024-03-15 16:38:48.345 [info] Added views:workbench.explorer.fileView in workbench.view.explorer
2024-03-15 16:38:48.589 [info] Added views:workbench.debug.variablesView,workbench.debug.watchExpressionsView,workbench.debug.callStackView,workbench.debug.breakPointsView in workbench.view.debug
2024-03-15 16:38:49.267 [info] Added views:connectionProvider,queryHistoryProvider,tuningServerProvider,tuningHistoryProvider in workbench.view.extension.db2DevExtensionActivityBar
2024-03-15 16:38:49.268 [info] Added views:sqltoolsViewConnectionExplorer,sqltoolsViewBookmarksExplorer,sqltoolsViewHistoryExplorer in workbench.view.extension.sqltoolsActivityBarContainer
2024-03-15 16:38:49.268 [info] Added views:sqltoolsViewConsoleMessages in workbench.view.extension.sqltoolsPanelContainer
2024-03-15 16:38:49.459 [info] Added views:workbench.panel.repl.view in workbench.panel.repl
2024-03-15 16:38:50.214 [info] Added views:workbench.view.testing in workbench.view.extension.test
2024-03-15 16:38:50.873 [info] Added views:~remote.forwardedPorts in ~remote.forwardedPortsContainer
2024-03-15 16:38:51.009 [info] Added views:workbench.views.extensions.installed,extensions.recommendedList in workbench.view.extensions
2024-04-10 15:21:03.841 [info] Removed views:workbench.view.testing from workbench.view.extension.test
