2024-02-22 12:48:06.200 [info] Added views:workbench.panel.markers.view in workbench.panel.markers
2024-02-22 12:48:06.200 [info] Added views:workbench.panel.output in workbench.panel.output
2024-02-22 12:48:06.200 [info] Added views:terminal in terminal
2024-02-22 12:48:06.200 [info] Added views:outline in workbench.view.explorer
2024-02-22 12:48:06.200 [info] Added views:workbench.scm in workbench.view.scm
2024-02-22 12:48:06.200 [info] Added views:workbench.view.search in workbench.view.search
2024-02-22 12:48:06.200 [info] Added views:timeline in workbench.view.explorer
2024-02-22 12:48:06.200 [info] Added views:workbench.explorer.emptyView in workbench.view.explorer
2024-02-22 12:48:06.389 [info] Added views:workbench.debug.variablesView,workbench.debug.watchExpressionsView,workbench.debug.callStackView,workbench.debug.breakPointsView in workbench.view.debug
2024-02-22 12:48:07.013 [info] Added views:~remote.forwardedPorts in ~remote.forwardedPortsContainer
2024-02-22 12:48:07.161 [info] Added views:workbench.panel.repl.view in workbench.panel.repl
2024-02-22 12:48:07.163 [info] Removed views:workbench.debug.breakPointsView,workbench.debug.callStackView,workbench.debug.watchExpressionsView,workbench.debug.variablesView from workbench.view.debug
2024-02-22 12:48:07.165 [info] Added views:workbench.debug.welcome in workbench.view.debug
2024-02-22 12:48:25.682 [info] Added views:workbench.panel.markers.view in workbench.panel.markers
2024-02-22 12:48:25.682 [info] Added views:workbench.panel.output in workbench.panel.output
2024-02-22 12:48:25.682 [info] Added views:terminal in terminal
2024-02-22 12:48:25.682 [info] Added views:outline in workbench.view.explorer
2024-02-22 12:48:25.682 [info] Added views:workbench.scm in workbench.view.scm
2024-02-22 12:48:25.682 [info] Added views:workbench.view.search in workbench.view.search
2024-02-22 12:48:25.682 [info] Added views:timeline in workbench.view.explorer
2024-02-22 12:48:25.682 [info] Added views:workbench.explorer.fileView in workbench.view.explorer
2024-02-22 12:48:26.112 [info] Added views:workbench.debug.variablesView,workbench.debug.watchExpressionsView,workbench.debug.callStackView,workbench.debug.breakPointsView in workbench.view.debug
2024-02-22 12:48:26.170 [info] Added views:~remote.forwardedPorts in ~remote.forwardedPortsContainer
2024-02-22 12:48:26.267 [info] Added views:workbench.panel.repl.view in workbench.panel.repl
2024-02-22 12:48:26.271 [info] Removed views:workbench.debug.breakPointsView,workbench.debug.callStackView,workbench.debug.watchExpressionsView,workbench.debug.variablesView from workbench.view.debug
2024-02-22 12:48:26.271 [info] Added views:workbench.debug.welcome in workbench.view.debug
2024-02-22 12:48:39.385 [info] Added views:workbench.views.extensions.installed,workbench.views.extensions.popular,extensions.recommendedList in workbench.view.extensions
2024-02-22 12:48:39.388 [info] Removed views:workbench.views.extensions.popular from workbench.view.extensions
2024-02-22 12:48:39.800 [info] Added views:workbench.views.extensions.popular in workbench.view.extensions
2024-02-22 12:48:40.002 [info] Removed views:extensions.recommendedList,workbench.views.extensions.popular,workbench.views.extensions.installed from workbench.view.extensions
2024-02-22 12:48:40.009 [info] Added views:workbench.views.extensions.marketplace in workbench.view.extensions
