2024-02-22 12:48:06.935 [info] Extension host with pid 649903 started
2024-02-22 12:48:07.166 [info] ExtensionService#_doActivateExtension vscode.git-base, startup: true, activationEvent: '*', root cause: vscode.git
2024-02-22 12:48:07.186 [info] ExtensionService#_doActivateExtension vscode.git, startup: true, activationEvent: '*'
2024-02-22 12:48:07.284 [info] ExtensionService#_doActivateExtension vscode.github, startup: true, activationEvent: '*'
2024-02-22 12:48:07.495 [info] Eager extensions activated
2024-02-22 12:48:07.518 [info] ExtensionService#_doActivateExtension vscode.debug-auto-launch, startup: false, activationEvent: 'onStartupFinished'
2024-02-22 12:48:07.524 [info] ExtensionService#_doActivateExtension vscode.merge-conflict, startup: false, activationEvent: 'onStartupFinished'
2024-02-22 12:48:25.045 [info] Extension host terminating: renderer closed the MessagePort
2024-02-22 12:48:25.061 [info] Extension host with pid 649903 exiting with code 0
2024-02-22 12:48:26.225 [info] Extension host with pid 650091 started
2024-02-22 12:48:26.225 [info] Skipping acquiring lock for /home/servidor/calendarioapp/~/.vscode-root/User/workspaceStorage/1af6748fc52a7988350cbcbb35c89212.
2024-02-22 12:48:26.272 [info] ExtensionService#_doActivateExtension vscode.git-base, startup: true, activationEvent: '*'
2024-02-22 12:48:26.281 [info] ExtensionService#_doActivateExtension vscode.github, startup: true, activationEvent: '*'
2024-02-22 12:48:26.308 [info] Eager extensions activated
2024-02-22 12:48:26.374 [info] ExtensionService#_doActivateExtension vscode.debug-auto-launch, startup: false, activationEvent: 'onStartupFinished'
2024-02-22 12:48:26.377 [info] ExtensionService#_doActivateExtension vscode.merge-conflict, startup: false, activationEvent: 'onStartupFinished'
2024-02-22 12:48:28.211 [info] ExtensionService#_doActivateExtension vscode.git, startup: false, activationEvent: 'api', root cause: vscode.github
2024-02-22 12:48:32.656 [info] ExtensionService#_doActivateExtension vscode.emmet, startup: false, activationEvent: 'onLanguage'
2024-02-22 12:48:47.110 [info] ExtensionService#_doActivateExtension vscode.json-language-features, startup: false, activationEvent: 'onLanguage:jsonc'
2024-02-22 12:48:47.219 [info] ExtensionService#_doActivateExtension vscode.typescript-language-features, startup: false, activationEvent: 'onLanguage:jsonc'
2024-02-22 12:48:47.340 [info] Extension host terminating: renderer closed the MessagePort
2024-02-22 12:48:47.363 [error] Canceled: Canceled
	at new f (/snap/code/152/usr/share/code/resources/app/out/vs/workbench/api/node/extensionHostProcess.js:140:45069)
	at d.U (/snap/code/152/usr/share/code/resources/app/out/vs/workbench/api/node/extensionHostProcess.js:147:5557)
	at T.<computed>.O.charCodeAt.T.<computed> (/snap/code/152/usr/share/code/resources/app/out/vs/workbench/api/node/extensionHostProcess.js:147:3008)
	at s.g (/snap/code/152/usr/share/code/resources/app/out/vs/workbench/api/node/extensionHostProcess.js:150:174704)
	at s.executeCommand (/snap/code/152/usr/share/code/resources/app/out/vs/workbench/api/node/extensionHostProcess.js:150:174142)
	at m.registerCommand.description (/snap/code/152/usr/share/code/resources/app/out/vs/workbench/api/node/extensionHostProcess.js:150:173466)
	at s.h (/snap/code/152/usr/share/code/resources/app/out/vs/workbench/api/node/extensionHostProcess.js:150:175243)
	at s.g (/snap/code/152/usr/share/code/resources/app/out/vs/workbench/api/node/extensionHostProcess.js:150:174235)
	at s.executeCommand (/snap/code/152/usr/share/code/resources/app/out/vs/workbench/api/node/extensionHostProcess.js:150:174142)
	at Object.executeCommand (/snap/code/152/usr/share/code/resources/app/out/vs/workbench/api/node/extensionHostProcess.js:160:21634)
	at g.I [as value] (/snap/code/152/usr/share/code/resources/app/extensions/git/dist/main.js:2:927298)
	at r.y (/snap/code/152/usr/share/code/resources/app/out/vs/workbench/api/node/extensionHostProcess.js:80:1902)
	at r.z (/snap/code/152/usr/share/code/resources/app/out/vs/workbench/api/node/extensionHostProcess.js:80:1972)
	at r.fire (/snap/code/152/usr/share/code/resources/app/out/vs/workbench/api/node/extensionHostProcess.js:80:2188)
	at Object.m [as dispose] (/snap/code/152/usr/share/code/resources/app/extensions/git/dist/main.js:2:943089)
	at /snap/code/152/usr/share/code/resources/app/extensions/git/dist/main.js:2:947930
	at Array.forEach (<anonymous>)
	at p.dispose (/snap/code/152/usr/share/code/resources/app/extensions/git/dist/main.js:2:947916)
	at c.<anonymous> (/snap/code/152/usr/share/code/resources/app/out/vs/workbench/api/node/extensionHostProcess.js:148:3650)
	at c.dispose (/snap/code/152/usr/share/code/resources/app/out/vs/workbench/api/node/extensionHostProcess.js:148:3747)
	at c.<anonymous> (/snap/code/152/usr/share/code/resources/app/extensions/git/dist/main.js:2:929310)
	at c.dispose (/snap/code/152/usr/share/code/resources/app/out/vs/workbench/api/node/extensionHostProcess.js:148:3747)
	at o (/snap/code/152/usr/share/code/resources/app/out/vs/workbench/api/node/extensionHostProcess.js:30:754)
	at g.cb (/snap/code/152/usr/share/code/resources/app/out/vs/workbench/api/node/extensionHostProcess.js:156:9874)
	at /snap/code/152/usr/share/code/resources/app/out/vs/workbench/api/node/extensionHostProcess.js:156:7808
	at Array.map (<anonymous>)
	at g.Y (/snap/code/152/usr/share/code/resources/app/out/vs/workbench/api/node/extensionHostProcess.js:156:7795)
	at g.terminate (/snap/code/152/usr/share/code/resources/app/out/vs/workbench/api/node/extensionHostProcess.js:156:8068)
	at o.terminate (/snap/code/152/usr/share/code/resources/app/out/vs/workbench/api/node/extensionHostProcess.js:160:1513)
	at t (/snap/code/152/usr/share/code/resources/app/out/vs/workbench/api/node/extensionHostProcess.js:173:9950)
	at MessagePortMain.<anonymous> (/snap/code/152/usr/share/code/resources/app/out/vs/workbench/api/node/extensionHostProcess.js:173:6375)
	at MessagePortMain.emit (node:events:514:28)
	at Object.emit (node:electron/js2c/utility_init:2:2285) setContext undefined
2024-02-22 12:48:47.364 [error] Canceled: Canceled
	at new f (/snap/code/152/usr/share/code/resources/app/out/vs/workbench/api/node/extensionHostProcess.js:140:45069)
	at d.U (/snap/code/152/usr/share/code/resources/app/out/vs/workbench/api/node/extensionHostProcess.js:147:5557)
	at T.<computed>.O.charCodeAt.T.<computed> (/snap/code/152/usr/share/code/resources/app/out/vs/workbench/api/node/extensionHostProcess.js:147:3008)
	at s.g (/snap/code/152/usr/share/code/resources/app/out/vs/workbench/api/node/extensionHostProcess.js:150:174704)
	at s.executeCommand (/snap/code/152/usr/share/code/resources/app/out/vs/workbench/api/node/extensionHostProcess.js:150:174142)
	at m.registerCommand.description (/snap/code/152/usr/share/code/resources/app/out/vs/workbench/api/node/extensionHostProcess.js:150:173466)
	at s.h (/snap/code/152/usr/share/code/resources/app/out/vs/workbench/api/node/extensionHostProcess.js:150:175243)
	at s.g (/snap/code/152/usr/share/code/resources/app/out/vs/workbench/api/node/extensionHostProcess.js:150:174235)
	at s.executeCommand (/snap/code/152/usr/share/code/resources/app/out/vs/workbench/api/node/extensionHostProcess.js:150:174142)
	at Object.executeCommand (/snap/code/152/usr/share/code/resources/app/out/vs/workbench/api/node/extensionHostProcess.js:160:21634)
	at set b [as b] (/snap/code/152/usr/share/code/resources/app/extensions/github/dist/extension.js:2:322364)
	at /snap/code/152/usr/share/code/resources/app/extensions/github/dist/extension.js:2:323005
	at g.value (/snap/code/152/usr/share/code/resources/app/extensions/git/dist/main.js:2:1018251)
	at r.y (/snap/code/152/usr/share/code/resources/app/out/vs/workbench/api/node/extensionHostProcess.js:80:1902)
	at r.z (/snap/code/152/usr/share/code/resources/app/out/vs/workbench/api/node/extensionHostProcess.js:80:1972)
	at r.fire (/snap/code/152/usr/share/code/resources/app/out/vs/workbench/api/node/extensionHostProcess.js:80:2188)
	at Object.m [as dispose] (/snap/code/152/usr/share/code/resources/app/extensions/git/dist/main.js:2:943089)
	at /snap/code/152/usr/share/code/resources/app/extensions/git/dist/main.js:2:947930
	at Array.forEach (<anonymous>)
	at p.dispose (/snap/code/152/usr/share/code/resources/app/extensions/git/dist/main.js:2:947916)
	at c.<anonymous> (/snap/code/152/usr/share/code/resources/app/out/vs/workbench/api/node/extensionHostProcess.js:148:3650)
	at c.dispose (/snap/code/152/usr/share/code/resources/app/out/vs/workbench/api/node/extensionHostProcess.js:148:3747)
	at c.<anonymous> (/snap/code/152/usr/share/code/resources/app/extensions/git/dist/main.js:2:929310)
	at c.dispose (/snap/code/152/usr/share/code/resources/app/out/vs/workbench/api/node/extensionHostProcess.js:148:3747)
	at o (/snap/code/152/usr/share/code/resources/app/out/vs/workbench/api/node/extensionHostProcess.js:30:754)
	at g.cb (/snap/code/152/usr/share/code/resources/app/out/vs/workbench/api/node/extensionHostProcess.js:156:9874)
	at /snap/code/152/usr/share/code/resources/app/out/vs/workbench/api/node/extensionHostProcess.js:156:7808
	at Array.map (<anonymous>)
	at g.Y (/snap/code/152/usr/share/code/resources/app/out/vs/workbench/api/node/extensionHostProcess.js:156:7795)
	at g.terminate (/snap/code/152/usr/share/code/resources/app/out/vs/workbench/api/node/extensionHostProcess.js:156:8068)
	at o.terminate (/snap/code/152/usr/share/code/resources/app/out/vs/workbench/api/node/extensionHostProcess.js:160:1513)
	at t (/snap/code/152/usr/share/code/resources/app/out/vs/workbench/api/node/extensionHostProcess.js:173:9950)
	at MessagePortMain.<anonymous> (/snap/code/152/usr/share/code/resources/app/out/vs/workbench/api/node/extensionHostProcess.js:173:6375)
	at MessagePortMain.emit (node:events:514:28)
	at Object.emit (node:electron/js2c/utility_init:2:2285) setContext undefined
2024-02-22 12:48:47.364 [info] Extension host with pid 650091 exiting with code 0
