2024-02-22 12:48:06.780 [info] Started initializing default profile extensions in extensions installation folder. file:///root/.vscode/extensions
2024-02-22 12:48:07.153 [warning] Failed to create default profile extensions manifest in extensions installation folder. file:///root/.vscode/extensions Unable to create file 'vscode-userdata:/root/.vscode/extensions/extensions.json' that already exists when overwrite flag is not set
2024-02-22 12:48:07.153 [info] Completed initializing default profile extensions in extensions installation folder. file:///root/.vscode/extensions
2024-02-22 12:48:07.288 [error] [uncaught exception in sharedProcess]: Event not found: onDidChange: CodeExpectedError: Event not found: onDidChange
    at Object.listen (/snap/code/152/usr/share/code/resources/app/out/vs/code/node/sharedProcess/sharedProcessMain.js:45:4959)
    at E.t (/snap/code/152/usr/share/code/resources/app/out/vs/code/node/sharedProcess/sharedProcessMain.js:44:251)
    at E.q (/snap/code/152/usr/share/code/resources/app/out/vs/code/node/sharedProcess/sharedProcessMain.js:43:4371)
    at w.value (/snap/code/152/usr/share/code/resources/app/out/vs/code/node/sharedProcess/sharedProcessMain.js:43:3602)
    at d.y (/snap/code/152/usr/share/code/resources/app/out/vs/code/node/sharedProcess/sharedProcessMain.js:38:1902)
    at d.z (/snap/code/152/usr/share/code/resources/app/out/vs/code/node/sharedProcess/sharedProcessMain.js:38:1972)
    at d.fire (/snap/code/152/usr/share/code/resources/app/out/vs/code/node/sharedProcess/sharedProcessMain.js:38:2188)
    at MessagePortMain.de (/snap/code/152/usr/share/code/resources/app/out/vs/code/node/sharedProcess/sharedProcessMain.js:36:30422)
    at MessagePortMain.emit (node:events:514:28)
    at Object.emit (node:electron/js2c/utility_init:2:2285)
2024-02-22 12:48:26.330 [error] [uncaught exception in sharedProcess]: Event not found: onDidChange: CodeExpectedError: Event not found: onDidChange
    at Object.listen (/snap/code/152/usr/share/code/resources/app/out/vs/code/node/sharedProcess/sharedProcessMain.js:45:4959)
    at E.t (/snap/code/152/usr/share/code/resources/app/out/vs/code/node/sharedProcess/sharedProcessMain.js:44:251)
    at E.q (/snap/code/152/usr/share/code/resources/app/out/vs/code/node/sharedProcess/sharedProcessMain.js:43:4371)
    at w.value (/snap/code/152/usr/share/code/resources/app/out/vs/code/node/sharedProcess/sharedProcessMain.js:43:3602)
    at d.y (/snap/code/152/usr/share/code/resources/app/out/vs/code/node/sharedProcess/sharedProcessMain.js:38:1902)
    at d.z (/snap/code/152/usr/share/code/resources/app/out/vs/code/node/sharedProcess/sharedProcessMain.js:38:1972)
    at d.fire (/snap/code/152/usr/share/code/resources/app/out/vs/code/node/sharedProcess/sharedProcessMain.js:38:2188)
    at MessagePortMain.de (/snap/code/152/usr/share/code/resources/app/out/vs/code/node/sharedProcess/sharedProcessMain.js:36:30422)
    at MessagePortMain.emit (node:events:514:28)
    at Object.emit (node:electron/js2c/utility_init:2:2285)
2024-02-22 12:48:40.197 [info] Getting Manifest... ms-python.python
2024-02-22 12:48:40.207 [info] Installing extension: ms-python.python
2024-02-22 12:48:41.786 [info] Getting Manifest... ms-python.vscode-pylance
2024-02-22 12:48:41.815 [info] Getting Manifest... ms-python.debugpy
2024-02-22 12:48:41.924 [info] Installing extension: ms-python.vscode-pylance ms-python.python
2024-02-22 12:48:41.924 [info] Installing extension: ms-python.debugpy ms-python.python
2024-02-22 12:48:43.690 [info] Getting Manifest... ms-ceintl.vscode-language-pack-pt-br
2024-02-22 12:48:44.055 [info] Installing extension: ms-ceintl.vscode-language-pack-pt-br
2024-02-22 12:48:46.511 [info] Extension signature is verified: ms-python.debugpy
2024-02-22 12:48:46.563 [info] Extension signature is verified: ms-ceintl.vscode-language-pack-pt-br
2024-02-22 12:48:46.772 [info] Extracted extension to file:///root/.vscode/extensions/ms-ceintl.vscode-language-pack-pt-br-1.85.2024021409: ms-ceintl.vscode-language-pack-pt-br
2024-02-22 12:48:46.781 [info] Renamed to /root/.vscode/extensions/ms-ceintl.vscode-language-pack-pt-br-1.85.2024021409
2024-02-22 12:48:46.783 [info] Extracting extension completed. ms-ceintl.vscode-language-pack-pt-br
2024-02-22 12:48:46.796 [info] Adding language packs from the extension ms-ceintl.vscode-language-pack-pt-br
2024-02-22 12:48:47.001 [info] Extension signature is verified: ms-python.python
2024-02-22 12:48:47.007 [error] [uncaught exception in sharedProcess]: Error: ENOENT: no such file or directory, stat '/root/.vscode/extensions/extensions.json.vsctmp': EntryNotFound (FileSystemError): Error: ENOENT: no such file or directory, stat '/root/.vscode/extensions/extensions.json.vsctmp'
    at r.create (/snap/code/152/usr/share/code/resources/app/out/vs/code/node/sharedProcess/sharedProcessMain.js:51:30119)
    at a (/snap/code/152/usr/share/code/resources/app/out/vs/code/node/sharedProcess/sharedProcessMain.js:51:30234)
    at i.fb (/snap/code/152/usr/share/code/resources/app/out/vs/code/node/sharedProcess/sharedProcessMain.js:56:36631)
    at i.stat (/snap/code/152/usr/share/code/resources/app/out/vs/code/node/sharedProcess/sharedProcessMain.js:56:29077)
    at async v.stat (/snap/code/152/usr/share/code/resources/app/out/vs/code/node/sharedProcess/sharedProcessMain.js:56:16223)
    at async Y.tb (/snap/code/152/usr/share/code/resources/app/out/vs/code/node/sharedProcess/sharedProcessMain.js:102:108626)
2024-02-22 12:48:47.033 [info] Extension installed successfully: ms-ceintl.vscode-language-pack-pt-br
