2024-03-11 16:04:11.497 [info] update#setState idle
2024-03-11 16:04:13.394 [error] vscode-file: Refused to load resource /snap/code/153/usr/share/code/resources/app/extensions/theme-seti/icons/seti.woff from vscode-file: protocol (original URL: vscode-file://vscode-app/snap/code/153/usr/share/code/resources/app/extensions/theme-seti/icons/seti.woff)
2024-03-11 16:04:41.492 [info] update#setState checking for updates
2024-03-11 16:04:41.495 [info] update#setState idle
2024-03-11 17:04:41.494 [info] update#setState checking for updates
2024-03-11 17:04:41.497 [info] update#setState idle
2024-03-11 18:04:41.496 [info] update#setState checking for updates
2024-03-11 18:04:41.497 [info] update#setState idle
2024-03-11 19:04:41.497 [info] update#setState checking for updates
2024-03-11 19:04:41.499 [info] update#setState idle
2024-03-11 20:04:41.499 [info] update#setState checking for updates
2024-03-11 20:04:41.500 [info] update#setState idle
2024-03-11 21:04:41.500 [info] update#setState checking for updates
2024-03-11 21:04:41.502 [info] update#setState idle
2024-03-11 22:04:41.502 [info] update#setState checking for updates
2024-03-11 22:04:41.503 [info] update#setState idle
2024-03-11 23:04:41.503 [info] update#setState checking for updates
2024-03-11 23:04:41.504 [info] update#setState idle
2024-03-12 00:04:41.507 [info] update#setState checking for updates
2024-03-12 00:04:41.509 [info] update#setState idle
2024-03-12 01:04:41.511 [info] update#setState checking for updates
2024-03-12 01:04:41.513 [info] update#setState idle
2024-03-12 02:04:41.515 [info] update#setState checking for updates
2024-03-12 02:04:41.516 [info] update#setState idle
2024-03-12 03:04:41.519 [info] update#setState checking for updates
2024-03-12 03:04:41.520 [info] update#setState idle
2024-03-12 04:04:41.523 [info] update#setState checking for updates
2024-03-12 04:04:41.524 [info] update#setState idle
2024-03-12 05:04:41.527 [info] update#setState checking for updates
2024-03-12 05:04:41.528 [info] update#setState idle
2024-03-12 06:04:41.530 [info] update#setState checking for updates
2024-03-12 06:04:41.532 [info] update#setState idle
2024-03-12 07:04:41.534 [info] update#setState checking for updates
2024-03-12 07:04:41.536 [info] update#setState idle
2024-03-12 08:04:41.537 [info] update#setState checking for updates
2024-03-12 08:04:41.538 [info] update#setState idle
2024-03-12 09:04:41.539 [info] update#setState checking for updates
2024-03-12 09:04:41.540 [info] update#setState idle
2024-03-12 10:04:41.541 [info] update#setState checking for updates
2024-03-12 10:04:41.542 [info] update#setState idle
2024-03-12 11:04:41.543 [info] update#setState checking for updates
2024-03-12 11:04:41.544 [info] update#setState idle
2024-03-12 12:04:41.544 [info] update#setState checking for updates
2024-03-12 12:04:41.546 [info] update#setState idle
2024-03-12 13:04:41.545 [info] update#setState checking for updates
2024-03-12 13:04:41.547 [info] update#setState idle
2024-03-12 14:04:41.546 [info] update#setState checking for updates
2024-03-12 14:04:41.547 [info] update#setState idle
2024-03-12 15:04:41.547 [info] update#setState checking for updates
2024-03-12 15:04:41.548 [info] update#setState idle
2024-03-12 16:04:41.548 [info] update#setState checking for updates
2024-03-12 16:04:41.549 [info] update#setState idle
2024-03-12 17:04:41.549 [info] update#setState checking for updates
2024-03-12 17:04:41.550 [info] update#setState idle
2024-03-12 18:04:41.550 [info] update#setState checking for updates
2024-03-12 18:04:41.552 [info] update#setState idle
2024-03-12 19:04:41.553 [info] update#setState checking for updates
2024-03-12 19:04:41.554 [info] update#setState idle
2024-03-12 20:04:41.554 [info] update#setState checking for updates
2024-03-12 20:04:41.555 [info] update#setState idle
2024-03-12 21:04:41.555 [info] update#setState checking for updates
2024-03-12 21:04:41.556 [info] update#setState idle
2024-03-12 22:04:41.555 [info] update#setState checking for updates
2024-03-12 22:04:41.557 [info] update#setState idle
2024-03-12 23:04:41.555 [info] update#setState checking for updates
2024-03-12 23:04:41.557 [info] update#setState idle
2024-03-13 00:04:41.559 [info] update#setState checking for updates
2024-03-13 00:04:41.560 [info] update#setState idle
2024-03-13 01:04:41.563 [info] update#setState checking for updates
2024-03-13 01:04:41.564 [info] update#setState idle
2024-03-13 02:04:41.565 [info] update#setState checking for updates
2024-03-13 02:04:41.567 [info] update#setState idle
2024-03-13 03:04:41.568 [info] update#setState checking for updates
2024-03-13 03:04:41.569 [info] update#setState idle
2024-03-13 04:04:41.571 [info] update#setState checking for updates
2024-03-13 04:04:41.573 [info] update#setState idle
2024-03-13 05:04:41.574 [info] update#setState checking for updates
2024-03-13 05:04:41.575 [info] update#setState idle
2024-03-13 06:04:41.575 [info] update#setState checking for updates
2024-03-13 06:04:41.576 [info] update#setState idle
2024-03-13 07:04:41.578 [info] update#setState checking for updates
2024-03-13 07:04:41.579 [info] update#setState idle
2024-03-13 08:04:41.580 [info] update#setState checking for updates
2024-03-13 08:04:41.582 [info] update#setState idle
2024-03-13 09:04:41.582 [info] update#setState checking for updates
2024-03-13 09:04:41.583 [info] update#setState idle
2024-03-13 10:04:41.583 [info] update#setState checking for updates
2024-03-13 10:04:41.584 [info] update#setState idle
2024-03-13 11:04:41.585 [info] update#setState checking for updates
2024-03-13 11:04:41.586 [info] update#setState idle
2024-03-13 12:04:41.587 [info] update#setState checking for updates
2024-03-13 12:04:41.588 [info] update#setState idle
2024-03-13 13:04:41.589 [info] update#setState checking for updates
2024-03-13 13:04:41.591 [info] update#setState idle
2024-03-13 14:04:41.591 [info] update#setState checking for updates
2024-03-13 14:04:41.593 [info] update#setState idle
2024-03-13 15:04:41.594 [info] update#setState checking for updates
2024-03-13 15:04:41.595 [info] update#setState idle
2024-03-13 16:04:41.595 [info] update#setState checking for updates
2024-03-13 16:04:41.596 [info] update#setState idle
2024-03-13 17:04:41.596 [info] update#setState checking for updates
2024-03-13 17:04:41.597 [info] update#setState idle
2024-03-13 18:04:41.597 [info] update#setState checking for updates
2024-03-13 18:04:41.600 [info] update#setState idle
2024-03-13 19:04:41.598 [info] update#setState checking for updates
2024-03-13 19:04:41.600 [info] update#setState idle
2024-03-13 20:04:41.599 [info] update#setState checking for updates
2024-03-13 20:04:41.601 [info] update#setState idle
2024-03-13 21:04:41.601 [info] update#setState checking for updates
2024-03-13 21:04:41.602 [info] update#setState idle
2024-03-13 22:04:41.602 [info] update#setState checking for updates
2024-03-13 22:04:41.603 [info] update#setState idle
2024-03-13 23:04:41.603 [info] update#setState checking for updates
2024-03-13 23:04:41.604 [info] update#setState idle
2024-03-14 00:04:41.607 [info] update#setState checking for updates
2024-03-14 00:04:41.610 [info] update#setState idle
2024-03-14 01:04:41.611 [info] update#setState checking for updates
2024-03-14 01:04:41.612 [info] update#setState idle
2024-03-14 02:04:41.615 [info] update#setState checking for updates
2024-03-14 02:04:41.616 [info] update#setState idle
2024-03-14 03:04:41.617 [info] update#setState checking for updates
2024-03-14 03:04:41.618 [info] update#setState idle
2024-03-14 04:04:41.621 [info] update#setState checking for updates
2024-03-14 04:04:41.622 [info] update#setState idle
2024-03-14 05:04:41.623 [info] update#setState checking for updates
2024-03-14 05:04:41.624 [info] update#setState idle
2024-03-14 06:04:41.627 [info] update#setState checking for updates
2024-03-14 06:04:41.628 [info] update#setState idle
2024-03-14 07:04:41.630 [info] update#setState checking for updates
2024-03-14 07:04:41.632 [info] update#setState idle
2024-03-14 08:04:41.631 [info] update#setState checking for updates
2024-03-14 08:04:41.633 [info] update#setState idle
2024-03-14 09:04:41.634 [info] update#setState checking for updates
2024-03-14 09:04:41.635 [info] update#setState idle
2024-03-14 10:04:41.635 [info] update#setState checking for updates
2024-03-14 10:04:41.637 [info] update#setState idle
2024-03-14 11:04:41.637 [info] update#setState checking for updates
2024-03-14 11:04:41.639 [info] update#setState idle
2024-03-14 12:04:41.639 [info] update#setState checking for updates
2024-03-14 12:04:41.642 [info] update#setState idle
2024-03-14 13:04:41.641 [info] update#setState checking for updates
2024-03-14 13:04:41.643 [info] update#setState idle
2024-03-14 14:04:41.642 [info] update#setState checking for updates
2024-03-14 14:04:41.645 [info] update#setState idle
2024-03-14 15:04:41.645 [info] update#setState checking for updates
2024-03-14 15:04:41.647 [info] update#setState idle
2024-03-14 16:04:41.646 [info] update#setState checking for updates
2024-03-14 16:04:41.647 [info] update#setState idle
2024-03-14 17:04:41.648 [info] update#setState checking for updates
2024-03-14 17:04:41.650 [info] update#setState idle
2024-03-14 18:04:41.649 [info] update#setState checking for updates
2024-03-14 18:04:41.650 [info] update#setState idle
2024-03-14 19:04:41.650 [info] update#setState checking for updates
2024-03-14 19:04:41.651 [info] update#setState idle
2024-03-14 20:04:41.650 [info] update#setState checking for updates
2024-03-14 20:04:41.652 [info] update#setState idle
2024-03-14 21:04:41.651 [info] update#setState checking for updates
2024-03-14 21:04:41.653 [info] update#setState idle
2024-03-14 22:04:41.654 [info] update#setState checking for updates
2024-03-14 22:04:41.655 [info] update#setState idle
2024-03-14 23:04:41.655 [info] update#setState checking for updates
2024-03-14 23:04:41.657 [info] update#setState idle
2024-03-15 00:04:41.656 [info] update#setState checking for updates
2024-03-15 00:04:41.658 [info] update#setState idle
2024-03-15 01:04:41.658 [info] update#setState checking for updates
2024-03-15 01:04:41.659 [info] update#setState idle
2024-03-15 02:04:41.658 [info] update#setState checking for updates
2024-03-15 02:04:41.660 [info] update#setState idle
2024-03-15 03:04:41.660 [info] update#setState checking for updates
2024-03-15 03:04:41.662 [info] update#setState idle
2024-03-15 04:04:41.664 [info] update#setState checking for updates
2024-03-15 04:04:41.666 [info] update#setState idle
2024-03-15 05:04:41.668 [info] update#setState checking for updates
2024-03-15 05:04:41.669 [info] update#setState idle
2024-03-15 06:04:41.671 [info] update#setState checking for updates
2024-03-15 06:04:41.673 [info] update#setState idle
2024-03-15 07:04:41.675 [info] update#setState checking for updates
2024-03-15 07:04:41.677 [info] update#setState idle
2024-03-15 08:04:41.679 [info] update#setState checking for updates
2024-03-15 08:04:41.680 [info] update#setState idle
2024-03-15 09:04:41.683 [info] update#setState checking for updates
2024-03-15 09:04:41.684 [info] update#setState idle
2024-03-15 10:04:41.686 [info] update#setState checking for updates
2024-03-15 10:04:41.687 [info] update#setState idle
2024-03-15 11:04:41.687 [info] update#setState checking for updates
2024-03-15 11:04:41.689 [info] update#setState idle
2024-03-15 12:04:41.689 [info] update#setState checking for updates
2024-03-15 12:04:41.691 [info] update#setState idle
2024-03-15 13:04:41.691 [info] update#setState checking for updates
2024-03-15 13:04:41.693 [info] update#setState idle
2024-03-15 14:04:41.693 [info] update#setState checking for updates
2024-03-15 14:04:41.695 [info] update#setState idle
2024-03-15 15:04:41.695 [info] update#setState checking for updates
2024-03-15 15:04:41.697 [info] update#setState idle
2024-03-15 16:04:41.697 [info] update#setState checking for updates
2024-03-15 16:04:41.698 [info] update#setState idle
2024-03-15 16:38:47.207 [error] [UtilityProcessWorker]: terminated unexpectedly with code 15, signal: unknown
2024-03-15 16:38:47.208 [error] [UtilityProcess id: 1, type: fileWatcher, pid: 1318959]: crashed with code 15 and reason 'killed'
2024-03-15 16:38:47.268 [info] Extension host with pid 1318948 exited with code: 0, signal: unknown.
2024-03-15 17:04:41.699 [info] update#setState checking for updates
2024-03-15 17:04:41.700 [info] update#setState idle
2024-03-15 18:04:41.701 [info] update#setState checking for updates
2024-03-15 18:04:41.703 [info] update#setState idle
2024-03-15 19:04:41.703 [info] update#setState checking for updates
2024-03-15 19:04:41.704 [info] update#setState idle
2024-03-15 20:04:41.704 [info] update#setState checking for updates
2024-03-15 20:04:41.706 [info] update#setState idle
2024-03-15 21:04:41.705 [info] update#setState checking for updates
2024-03-15 21:04:41.707 [info] update#setState idle
2024-03-15 22:04:41.707 [info] update#setState checking for updates
2024-03-15 22:04:41.709 [info] update#setState idle
2024-03-15 23:04:41.708 [info] update#setState checking for updates
2024-03-15 23:04:41.710 [info] update#setState idle
2024-03-16 00:04:41.709 [info] update#setState checking for updates
2024-03-16 00:04:41.710 [info] update#setState idle
2024-03-16 01:04:41.709 [info] update#setState checking for updates
2024-03-16 01:04:41.711 [info] update#setState idle
2024-03-16 02:04:41.711 [info] update#setState checking for updates
2024-03-16 02:04:41.713 [info] update#setState idle
2024-03-16 03:04:41.712 [info] update#setState checking for updates
2024-03-16 03:04:41.714 [info] update#setState idle
2024-03-16 04:04:41.714 [info] update#setState checking for updates
2024-03-16 04:04:41.716 [info] update#setState idle
2024-03-16 05:04:41.715 [info] update#setState checking for updates
2024-03-16 05:04:41.717 [info] update#setState idle
2024-03-16 06:04:41.716 [info] update#setState checking for updates
2024-03-16 06:04:41.717 [info] update#setState idle
2024-03-16 07:04:41.719 [info] update#setState checking for updates
2024-03-16 07:04:41.721 [info] update#setState idle
2024-03-16 08:04:41.723 [info] update#setState checking for updates
2024-03-16 08:04:41.725 [info] update#setState idle
2024-03-16 09:04:41.724 [info] update#setState checking for updates
2024-03-16 09:04:41.726 [info] update#setState idle
2024-03-16 10:04:41.729 [info] update#setState checking for updates
2024-03-16 10:04:41.730 [info] update#setState idle
2024-03-16 11:04:41.733 [info] update#setState checking for updates
2024-03-16 11:04:41.735 [info] update#setState idle
2024-03-16 12:04:41.735 [info] update#setState checking for updates
2024-03-16 12:04:41.737 [info] update#setState idle
2024-03-16 13:04:41.738 [info] update#setState checking for updates
2024-03-16 13:04:41.740 [info] update#setState idle
2024-03-16 14:04:41.739 [info] update#setState checking for updates
2024-03-16 14:04:41.741 [info] update#setState idle
2024-03-16 15:04:41.740 [info] update#setState checking for updates
2024-03-16 15:04:41.742 [info] update#setState idle
2024-03-16 16:04:41.743 [info] update#setState checking for updates
2024-03-16 16:04:41.745 [info] update#setState idle
2024-03-16 17:04:41.746 [info] update#setState checking for updates
2024-03-16 17:04:41.748 [info] update#setState idle
2024-03-16 18:04:41.747 [info] update#setState checking for updates
2024-03-16 18:04:41.749 [info] update#setState idle
2024-03-16 19:04:41.750 [info] update#setState checking for updates
2024-03-16 19:04:41.752 [info] update#setState idle
2024-03-16 20:04:41.751 [info] update#setState checking for updates
2024-03-16 20:04:41.753 [info] update#setState idle
2024-03-16 21:04:41.753 [info] update#setState checking for updates
2024-03-16 21:04:41.755 [info] update#setState idle
2024-03-16 22:04:41.755 [info] update#setState checking for updates
2024-03-16 22:04:41.757 [info] update#setState idle
2024-03-16 23:04:41.756 [info] update#setState checking for updates
2024-03-16 23:04:41.758 [info] update#setState idle
2024-03-17 00:04:41.757 [info] update#setState checking for updates
2024-03-17 00:04:41.759 [info] update#setState idle
2024-03-17 01:04:41.759 [info] update#setState checking for updates
2024-03-17 01:04:41.761 [info] update#setState idle
2024-03-17 02:04:41.760 [info] update#setState checking for updates
2024-03-17 02:04:41.761 [info] update#setState idle
2024-03-17 03:04:41.762 [info] update#setState checking for updates
2024-03-17 03:04:41.764 [info] update#setState idle
2024-03-17 04:04:41.763 [info] update#setState checking for updates
2024-03-17 04:04:41.765 [info] update#setState idle
2024-03-17 05:04:41.764 [info] update#setState checking for updates
2024-03-17 05:04:41.766 [info] update#setState idle
2024-03-17 06:04:41.766 [info] update#setState checking for updates
2024-03-17 06:04:41.767 [info] update#setState idle
2024-03-17 07:04:41.767 [info] update#setState checking for updates
2024-03-17 07:04:41.769 [info] update#setState idle
2024-03-17 08:04:41.768 [info] update#setState checking for updates
2024-03-17 08:04:41.769 [info] update#setState idle
2024-03-17 09:04:41.769 [info] update#setState checking for updates
2024-03-17 09:04:41.770 [info] update#setState idle
2024-03-17 10:04:41.769 [info] update#setState checking for updates
2024-03-17 10:04:41.771 [info] update#setState idle
2024-03-17 11:04:41.769 [info] update#setState checking for updates
2024-03-17 11:04:41.770 [info] update#setState idle
2024-03-17 12:04:41.771 [info] update#setState checking for updates
2024-03-17 12:04:41.773 [info] update#setState idle
2024-03-17 13:04:41.775 [info] update#setState checking for updates
2024-03-17 13:04:41.777 [info] update#setState idle
2024-03-17 14:04:41.779 [info] update#setState checking for updates
2024-03-17 14:04:41.781 [info] update#setState idle
2024-03-17 15:04:41.783 [info] update#setState checking for updates
2024-03-17 15:04:41.785 [info] update#setState idle
2024-03-17 16:04:41.786 [info] update#setState checking for updates
2024-03-17 16:04:41.789 [info] update#setState idle
2024-03-17 17:04:41.791 [info] update#setState checking for updates
2024-03-17 17:04:41.792 [info] update#setState idle
2024-03-17 18:04:41.794 [info] update#setState checking for updates
2024-03-17 18:04:41.796 [info] update#setState idle
2024-03-17 19:04:41.798 [info] update#setState checking for updates
2024-03-17 19:04:41.800 [info] update#setState idle
2024-03-17 20:04:41.802 [info] update#setState checking for updates
2024-03-17 20:04:41.804 [info] update#setState idle
2024-03-17 21:04:41.803 [info] update#setState checking for updates
2024-03-17 21:04:41.805 [info] update#setState idle
2024-03-17 22:04:41.806 [info] update#setState checking for updates
2024-03-17 22:04:41.808 [info] update#setState idle
2024-03-17 23:04:41.807 [info] update#setState checking for updates
2024-03-17 23:04:41.809 [info] update#setState idle
2024-03-18 00:04:41.810 [info] update#setState checking for updates
2024-03-18 00:04:41.811 [info] update#setState idle
2024-03-18 01:04:41.812 [info] update#setState checking for updates
2024-03-18 01:04:41.814 [info] update#setState idle
2024-03-18 02:04:41.815 [info] update#setState checking for updates
2024-03-18 02:04:41.817 [info] update#setState idle
2024-03-18 03:04:41.817 [info] update#setState checking for updates
2024-03-18 03:04:41.819 [info] update#setState idle
2024-03-18 04:04:41.819 [info] update#setState checking for updates
2024-03-18 04:04:41.821 [info] update#setState idle
2024-03-18 05:04:41.821 [info] update#setState checking for updates
2024-03-18 05:04:41.823 [info] update#setState idle
2024-03-18 06:04:41.823 [info] update#setState checking for updates
2024-03-18 06:04:41.824 [info] update#setState idle
2024-03-18 07:04:41.825 [info] update#setState checking for updates
2024-03-18 07:04:41.826 [info] update#setState idle
2024-03-18 08:04:41.826 [info] update#setState checking for updates
2024-03-18 08:04:41.827 [info] update#setState idle
2024-03-18 09:04:41.827 [info] update#setState checking for updates
2024-03-18 09:04:41.828 [info] update#setState idle
2024-03-18 10:04:41.827 [info] update#setState checking for updates
2024-03-18 10:04:41.829 [info] update#setState idle
2024-03-18 11:04:41.829 [info] update#setState checking for updates
2024-03-18 11:04:41.831 [info] update#setState idle
2024-03-18 12:04:41.831 [info] update#setState checking for updates
2024-03-18 12:04:41.833 [info] update#setState idle
2024-03-18 13:04:41.833 [info] update#setState checking for updates
2024-03-18 13:04:41.834 [info] update#setState idle
2024-03-18 14:04:41.834 [info] update#setState checking for updates
2024-03-18 14:04:41.835 [info] update#setState idle
2024-03-18 15:04:41.835 [info] update#setState checking for updates
2024-03-18 15:04:41.837 [info] update#setState idle
2024-03-18 16:04:41.836 [info] update#setState checking for updates
2024-03-18 16:04:41.838 [info] update#setState idle
2024-03-18 17:04:41.836 [info] update#setState checking for updates
2024-03-18 17:04:41.838 [info] update#setState idle
2024-03-18 18:04:41.839 [info] update#setState checking for updates
2024-03-18 18:04:41.841 [info] update#setState idle
2024-03-18 19:04:41.843 [info] update#setState checking for updates
2024-03-18 19:04:41.845 [info] update#setState idle
2024-03-18 20:04:41.847 [info] update#setState checking for updates
2024-03-18 20:04:41.849 [info] update#setState idle
2024-03-18 21:04:41.851 [info] update#setState checking for updates
2024-03-18 21:04:41.853 [info] update#setState idle
2024-03-18 22:04:41.855 [info] update#setState checking for updates
2024-03-18 22:04:41.857 [info] update#setState idle
2024-03-18 23:04:41.858 [info] update#setState checking for updates
2024-03-18 23:04:41.861 [info] update#setState idle
2024-03-19 00:04:41.861 [info] update#setState checking for updates
2024-03-19 00:04:41.863 [info] update#setState idle
2024-03-19 01:04:41.865 [info] update#setState checking for updates
2024-03-19 01:04:41.866 [info] update#setState idle
2024-03-19 02:04:41.867 [info] update#setState checking for updates
2024-03-19 02:04:41.869 [info] update#setState idle
2024-03-19 03:04:41.870 [info] update#setState checking for updates
2024-03-19 03:04:41.871 [info] update#setState idle
2024-03-19 04:04:41.872 [info] update#setState checking for updates
2024-03-19 04:04:41.873 [info] update#setState idle
2024-03-19 05:04:41.874 [info] update#setState checking for updates
2024-03-19 05:04:41.875 [info] update#setState idle
2024-03-19 06:04:41.876 [info] update#setState checking for updates
2024-03-19 06:04:41.878 [info] update#setState idle
2024-03-19 07:04:41.879 [info] update#setState checking for updates
2024-03-19 07:04:41.881 [info] update#setState idle
2024-03-19 08:04:41.881 [info] update#setState checking for updates
2024-03-19 08:04:41.883 [info] update#setState idle
2024-03-19 09:04:41.883 [info] update#setState checking for updates
2024-03-19 09:04:41.884 [info] update#setState idle
2024-03-19 10:04:41.884 [info] update#setState checking for updates
2024-03-19 10:04:41.886 [info] update#setState idle
2024-03-19 11:04:41.887 [info] update#setState checking for updates
2024-03-19 11:04:41.889 [info] update#setState idle
2024-03-19 12:04:41.889 [info] update#setState checking for updates
2024-03-19 12:04:41.890 [info] update#setState idle
2024-03-19 13:04:41.890 [info] update#setState checking for updates
2024-03-19 13:04:41.891 [info] update#setState idle
2024-03-19 14:04:41.891 [info] update#setState checking for updates
2024-03-19 14:04:41.893 [info] update#setState idle
2024-03-19 15:04:41.892 [info] update#setState checking for updates
2024-03-19 15:04:41.893 [info] update#setState idle
2024-03-19 16:04:41.893 [info] update#setState checking for updates
2024-03-19 16:04:41.895 [info] update#setState idle
2024-03-19 17:04:41.894 [info] update#setState checking for updates
2024-03-19 17:04:41.896 [info] update#setState idle
2024-03-19 18:04:41.895 [info] update#setState checking for updates
2024-03-19 18:04:41.897 [info] update#setState idle
2024-03-19 19:04:41.896 [info] update#setState checking for updates
2024-03-19 19:04:41.898 [info] update#setState idle
2024-03-19 20:04:41.897 [info] update#setState checking for updates
2024-03-19 20:04:41.899 [info] update#setState idle
2024-03-19 21:04:41.898 [info] update#setState checking for updates
2024-03-19 21:04:41.899 [info] update#setState idle
2024-03-19 22:04:41.899 [info] update#setState checking for updates
2024-03-19 22:04:41.901 [info] update#setState idle
2024-03-19 23:04:41.903 [info] update#setState checking for updates
2024-03-19 23:04:41.904 [info] update#setState idle
2024-03-20 00:04:41.907 [info] update#setState checking for updates
2024-03-20 00:04:41.909 [info] update#setState idle
2024-03-20 01:04:41.911 [info] update#setState checking for updates
2024-03-20 01:04:41.913 [info] update#setState idle
2024-03-20 02:04:41.915 [info] update#setState checking for updates
2024-03-20 02:04:41.916 [info] update#setState idle
2024-03-20 03:04:41.919 [info] update#setState checking for updates
2024-03-20 03:04:41.920 [info] update#setState idle
2024-03-20 04:04:41.922 [info] update#setState checking for updates
2024-03-20 04:04:41.923 [info] update#setState idle
2024-03-20 05:04:41.925 [info] update#setState checking for updates
2024-03-20 05:04:41.926 [info] update#setState idle
2024-03-20 06:04:41.927 [info] update#setState checking for updates
2024-03-20 06:04:41.929 [info] update#setState idle
2024-03-20 07:04:41.930 [info] update#setState checking for updates
2024-03-20 07:04:41.933 [info] update#setState idle
2024-03-20 08:04:41.935 [info] update#setState checking for updates
2024-03-20 08:04:41.937 [info] update#setState idle
2024-03-20 09:04:41.938 [info] update#setState checking for updates
2024-03-20 09:04:41.939 [info] update#setState idle
2024-03-20 10:04:41.939 [info] update#setState checking for updates
2024-03-20 10:04:41.941 [info] update#setState idle
2024-03-20 11:04:41.941 [info] update#setState checking for updates
2024-03-20 11:04:41.943 [info] update#setState idle
2024-03-20 12:04:41.943 [info] update#setState checking for updates
2024-03-20 12:04:41.945 [info] update#setState idle
2024-03-20 13:04:41.945 [info] update#setState checking for updates
2024-03-20 13:04:41.946 [info] update#setState idle
2024-03-20 14:04:41.947 [info] update#setState checking for updates
2024-03-20 14:04:41.949 [info] update#setState idle
2024-03-20 15:04:41.949 [info] update#setState checking for updates
2024-03-20 15:04:41.951 [info] update#setState idle
2024-03-20 16:04:41.951 [info] update#setState checking for updates
2024-03-20 16:04:41.952 [info] update#setState idle
2024-03-20 17:04:41.952 [info] update#setState checking for updates
2024-03-20 17:04:41.953 [info] update#setState idle
2024-03-20 18:04:41.953 [info] update#setState checking for updates
2024-03-20 18:04:41.955 [info] update#setState idle
2024-03-20 19:04:41.955 [info] update#setState checking for updates
2024-03-20 19:04:41.957 [info] update#setState idle
2024-03-20 20:04:41.956 [info] update#setState checking for updates
2024-03-20 20:04:41.957 [info] update#setState idle
2024-03-20 21:04:41.956 [info] update#setState checking for updates
2024-03-20 21:04:41.958 [info] update#setState idle
2024-03-20 22:04:41.959 [info] update#setState checking for updates
2024-03-20 22:04:41.960 [info] update#setState idle
2024-03-20 23:04:41.961 [info] update#setState checking for updates
2024-03-20 23:04:41.962 [info] update#setState idle
2024-03-21 00:04:41.962 [info] update#setState checking for updates
2024-03-21 00:04:41.964 [info] update#setState idle
2024-03-21 01:04:41.963 [info] update#setState checking for updates
2024-03-21 01:04:41.965 [info] update#setState idle
2024-03-21 02:04:41.964 [info] update#setState checking for updates
2024-03-21 02:04:41.965 [info] update#setState idle
2024-03-21 03:04:41.969 [info] update#setState checking for updates
2024-03-21 03:04:41.970 [info] update#setState idle
2024-03-21 04:04:41.974 [info] update#setState checking for updates
2024-03-21 04:04:41.977 [info] update#setState idle
2024-03-21 05:04:41.975 [info] update#setState checking for updates
2024-03-21 05:04:41.977 [info] update#setState idle
2024-03-21 06:04:41.978 [info] update#setState checking for updates
2024-03-21 06:04:41.980 [info] update#setState idle
2024-03-21 07:04:41.983 [info] update#setState checking for updates
2024-03-21 07:04:41.985 [info] update#setState idle
2024-03-21 08:04:41.987 [info] update#setState checking for updates
2024-03-21 08:04:41.988 [info] update#setState idle
2024-03-21 09:04:41.990 [info] update#setState checking for updates
2024-03-21 09:04:41.992 [info] update#setState idle
2024-03-21 10:04:41.994 [info] update#setState checking for updates
2024-03-21 10:04:41.996 [info] update#setState idle
2024-03-21 11:04:41.997 [info] update#setState checking for updates
2024-03-21 11:04:41.999 [info] update#setState idle
2024-03-21 12:04:41.999 [info] update#setState checking for updates
2024-03-21 12:04:42.001 [info] update#setState idle
2024-03-21 13:04:42.002 [info] update#setState checking for updates
2024-03-21 13:04:42.003 [info] update#setState idle
2024-03-21 14:04:42.003 [info] update#setState checking for updates
2024-03-21 14:04:42.005 [info] update#setState idle
2024-03-21 15:04:42.006 [info] update#setState checking for updates
2024-03-21 15:04:42.007 [info] update#setState idle
2024-03-21 16:04:42.008 [info] update#setState checking for updates
2024-03-21 16:04:42.009 [info] update#setState idle
2024-03-21 17:04:42.010 [info] update#setState checking for updates
2024-03-21 17:04:42.011 [info] update#setState idle
2024-03-21 18:04:42.011 [info] update#setState checking for updates
2024-03-21 18:04:42.013 [info] update#setState idle
2024-03-21 19:04:42.012 [info] update#setState checking for updates
2024-03-21 19:04:42.014 [info] update#setState idle
2024-03-21 20:04:42.013 [info] update#setState checking for updates
2024-03-21 20:04:42.014 [info] update#setState idle
2024-03-21 21:04:42.014 [info] update#setState checking for updates
2024-03-21 21:04:42.016 [info] update#setState idle
2024-03-21 22:04:42.015 [info] update#setState checking for updates
2024-03-21 22:04:42.017 [info] update#setState idle
2024-03-21 23:04:42.016 [info] update#setState checking for updates
2024-03-21 23:04:42.018 [info] update#setState idle
2024-03-22 00:04:42.017 [info] update#setState checking for updates
2024-03-22 00:04:42.019 [info] update#setState idle
2024-03-22 01:04:42.019 [info] update#setState checking for updates
2024-03-22 01:04:42.021 [info] update#setState idle
2024-03-22 02:04:42.020 [info] update#setState checking for updates
2024-03-22 02:04:42.021 [info] update#setState idle
2024-03-22 03:04:42.021 [info] update#setState checking for updates
2024-03-22 03:04:42.023 [info] update#setState idle
2024-03-22 04:04:42.023 [info] update#setState checking for updates
2024-03-22 04:04:42.025 [info] update#setState idle
2024-03-22 05:04:42.024 [info] update#setState checking for updates
2024-03-22 05:04:42.026 [info] update#setState idle
2024-03-22 06:04:42.028 [info] update#setState checking for updates
2024-03-22 06:04:42.030 [info] update#setState idle
2024-03-22 07:04:42.031 [info] update#setState checking for updates
2024-03-22 07:04:42.033 [info] update#setState idle
2024-03-22 08:04:42.035 [info] update#setState checking for updates
2024-03-22 08:04:42.037 [info] update#setState idle
2024-03-22 09:04:42.038 [info] update#setState checking for updates
2024-03-22 09:04:42.041 [info] update#setState idle
2024-03-22 10:04:42.043 [info] update#setState checking for updates
2024-03-22 10:04:42.045 [info] update#setState idle
2024-03-22 11:04:42.046 [info] update#setState checking for updates
2024-03-22 11:04:42.048 [info] update#setState idle
2024-03-22 12:04:42.048 [info] update#setState checking for updates
2024-03-22 12:04:42.050 [info] update#setState idle
2024-03-22 13:04:42.051 [info] update#setState checking for updates
2024-03-22 13:04:42.053 [info] update#setState idle
2024-03-22 14:04:42.054 [info] update#setState checking for updates
2024-03-22 14:04:42.056 [info] update#setState idle
2024-03-22 15:04:42.057 [info] update#setState checking for updates
2024-03-22 15:04:42.058 [info] update#setState idle
2024-03-22 16:04:42.059 [info] update#setState checking for updates
2024-03-22 16:04:42.061 [info] update#setState idle
2024-03-22 17:04:42.062 [info] update#setState checking for updates
2024-03-22 17:04:42.063 [info] update#setState idle
2024-03-22 18:04:42.063 [info] update#setState checking for updates
2024-03-22 18:04:42.064 [info] update#setState idle
2024-03-22 19:05:03.065 [info] update#setState checking for updates
2024-03-22 19:05:03.067 [info] update#setState idle
2024-03-22 20:05:03.066 [info] update#setState checking for updates
2024-03-22 20:05:03.068 [info] update#setState idle
2024-03-22 21:05:03.068 [info] update#setState checking for updates
2024-03-22 21:05:03.069 [info] update#setState idle
2024-03-22 22:05:03.069 [info] update#setState checking for updates
2024-03-22 22:05:03.071 [info] update#setState idle
2024-03-22 23:05:03.070 [info] update#setState checking for updates
2024-03-22 23:05:03.071 [info] update#setState idle
2024-03-23 00:05:03.070 [info] update#setState checking for updates
2024-03-23 00:05:03.072 [info] update#setState idle
2024-03-23 01:05:03.073 [info] update#setState checking for updates
2024-03-23 01:05:03.075 [info] update#setState idle
2024-03-23 02:05:03.074 [info] update#setState checking for updates
2024-03-23 02:05:03.077 [info] update#setState idle
2024-03-23 03:05:03.075 [info] update#setState checking for updates
2024-03-23 03:05:03.077 [info] update#setState idle
2024-03-23 04:05:03.076 [info] update#setState checking for updates
2024-03-23 04:05:03.077 [info] update#setState idle
2024-03-23 05:05:03.077 [info] update#setState checking for updates
2024-03-23 05:05:03.078 [info] update#setState idle
2024-03-23 06:05:03.079 [info] update#setState checking for updates
2024-03-23 06:05:03.081 [info] update#setState idle
2024-03-23 07:05:03.083 [info] update#setState checking for updates
2024-03-23 07:05:03.085 [info] update#setState idle
2024-03-23 08:05:03.087 [info] update#setState checking for updates
2024-03-23 08:05:03.089 [info] update#setState idle
2024-03-23 09:05:03.091 [info] update#setState checking for updates
2024-03-23 09:05:03.092 [info] update#setState idle
2024-03-23 10:05:03.095 [info] update#setState checking for updates
2024-03-23 10:05:03.096 [info] update#setState idle
2024-03-23 11:05:03.098 [info] update#setState checking for updates
2024-03-23 11:05:03.100 [info] update#setState idle
2024-03-23 12:05:03.102 [info] update#setState checking for updates
2024-03-23 12:05:03.104 [info] update#setState idle
2024-03-23 13:05:03.103 [info] update#setState checking for updates
2024-03-23 13:05:03.105 [info] update#setState idle
2024-03-23 14:05:03.106 [info] update#setState checking for updates
2024-03-23 14:05:03.108 [info] update#setState idle
2024-03-23 15:05:03.107 [info] update#setState checking for updates
2024-03-23 15:05:03.108 [info] update#setState idle
2024-03-23 16:05:03.109 [info] update#setState checking for updates
2024-03-23 16:05:03.111 [info] update#setState idle
2024-03-23 17:05:03.112 [info] update#setState checking for updates
2024-03-23 17:05:03.114 [info] update#setState idle
2024-03-23 18:05:03.114 [info] update#setState checking for updates
2024-03-23 18:05:03.116 [info] update#setState idle
2024-03-23 19:05:03.115 [info] update#setState checking for updates
2024-03-23 19:05:03.117 [info] update#setState idle
2024-03-23 20:05:03.117 [info] update#setState checking for updates
2024-03-23 20:05:03.118 [info] update#setState idle
2024-03-23 21:05:03.119 [info] update#setState checking for updates
2024-03-23 21:05:03.120 [info] update#setState idle
2024-03-23 22:05:03.121 [info] update#setState checking for updates
2024-03-23 22:05:03.122 [info] update#setState idle
2024-03-23 23:05:03.122 [info] update#setState checking for updates
2024-03-23 23:05:03.124 [info] update#setState idle
2024-03-24 00:05:03.123 [info] update#setState checking for updates
2024-03-24 00:05:03.125 [info] update#setState idle
2024-03-24 01:05:03.124 [info] update#setState checking for updates
2024-03-24 01:05:03.125 [info] update#setState idle
2024-03-24 02:05:03.125 [info] update#setState checking for updates
2024-03-24 02:05:03.127 [info] update#setState idle
2024-03-24 03:05:03.126 [info] update#setState checking for updates
2024-03-24 03:05:03.128 [info] update#setState idle
2024-03-24 04:05:03.129 [info] update#setState checking for updates
2024-03-24 04:05:03.130 [info] update#setState idle
2024-03-24 05:05:03.130 [info] update#setState checking for updates
2024-03-24 05:05:03.132 [info] update#setState idle
2024-03-24 06:05:03.131 [info] update#setState checking for updates
2024-03-24 06:05:03.133 [info] update#setState idle
2024-03-24 07:05:03.131 [info] update#setState checking for updates
2024-03-24 07:05:03.133 [info] update#setState idle
2024-03-24 08:05:03.132 [info] update#setState checking for updates
2024-03-24 08:05:03.133 [info] update#setState idle
2024-03-24 09:05:03.136 [info] update#setState checking for updates
2024-03-24 09:05:03.138 [info] update#setState idle
2024-03-24 10:05:03.139 [info] update#setState checking for updates
2024-03-24 10:05:03.141 [info] update#setState idle
2024-03-24 11:05:03.143 [info] update#setState checking for updates
2024-03-24 11:05:03.144 [info] update#setState idle
2024-03-24 12:05:03.147 [info] update#setState checking for updates
2024-03-24 12:05:03.149 [info] update#setState idle
2024-03-24 13:05:03.151 [info] update#setState checking for updates
2024-03-24 13:05:03.153 [info] update#setState idle
2024-03-24 14:05:03.154 [info] update#setState checking for updates
2024-03-24 14:05:03.156 [info] update#setState idle
2024-03-24 15:05:03.156 [info] update#setState checking for updates
2024-03-24 15:05:03.157 [info] update#setState idle
2024-03-24 16:05:03.159 [info] update#setState checking for updates
2024-03-24 16:05:03.161 [info] update#setState idle
2024-03-24 17:05:03.162 [info] update#setState checking for updates
2024-03-24 17:05:03.163 [info] update#setState idle
2024-03-24 18:05:03.163 [info] update#setState checking for updates
2024-03-24 18:05:03.165 [info] update#setState idle
2024-03-24 19:05:03.165 [info] update#setState checking for updates
2024-03-24 19:05:03.166 [info] update#setState idle
2024-03-24 20:05:03.167 [info] update#setState checking for updates
2024-03-24 20:05:03.169 [info] update#setState idle
2024-03-24 21:05:03.169 [info] update#setState checking for updates
2024-03-24 21:05:03.171 [info] update#setState idle
2024-03-24 22:05:03.171 [info] update#setState checking for updates
2024-03-24 22:05:03.172 [info] update#setState idle
2024-03-24 23:05:03.173 [info] update#setState checking for updates
2024-03-24 23:05:03.175 [info] update#setState idle
2024-03-25 00:05:03.174 [info] update#setState checking for updates
2024-03-25 00:05:03.176 [info] update#setState idle
2024-03-25 01:05:03.176 [info] update#setState checking for updates
2024-03-25 01:05:03.178 [info] update#setState idle
2024-03-25 02:05:03.178 [info] update#setState checking for updates
2024-03-25 02:05:03.179 [info] update#setState idle
2024-03-25 03:05:03.179 [info] update#setState checking for updates
2024-03-25 03:05:03.181 [info] update#setState idle
2024-03-25 04:05:03.180 [info] update#setState checking for updates
2024-03-25 04:05:03.182 [info] update#setState idle
2024-03-25 05:05:03.181 [info] update#setState checking for updates
2024-03-25 05:05:03.182 [info] update#setState idle
2024-03-25 06:05:03.183 [info] update#setState checking for updates
2024-03-25 06:05:03.184 [info] update#setState idle
2024-03-25 07:05:03.184 [info] update#setState checking for updates
2024-03-25 07:05:03.186 [info] update#setState idle
2024-03-25 08:05:03.185 [info] update#setState checking for updates
2024-03-25 08:05:03.187 [info] update#setState idle
2024-03-25 09:05:03.186 [info] update#setState checking for updates
2024-03-25 09:05:03.188 [info] update#setState idle
2024-03-25 10:05:03.188 [info] update#setState checking for updates
2024-03-25 10:05:03.189 [info] update#setState idle
2024-03-25 11:05:03.189 [info] update#setState checking for updates
2024-03-25 11:05:03.191 [info] update#setState idle
2024-03-25 12:05:03.194 [info] update#setState checking for updates
2024-03-25 12:05:03.196 [info] update#setState idle
2024-03-25 13:05:03.198 [info] update#setState checking for updates
2024-03-25 13:05:03.200 [info] update#setState idle
2024-03-25 14:05:03.203 [info] update#setState checking for updates
2024-03-25 14:05:03.204 [info] update#setState idle
2024-03-25 15:05:03.207 [info] update#setState checking for updates
2024-03-25 15:05:03.209 [info] update#setState idle
2024-03-25 16:05:03.211 [info] update#setState checking for updates
2024-03-25 16:05:03.212 [info] update#setState idle
2024-03-25 17:05:03.215 [info] update#setState checking for updates
2024-03-25 17:05:03.218 [info] update#setState idle
2024-03-25 18:05:03.219 [info] update#setState checking for updates
2024-03-25 18:05:03.222 [info] update#setState idle
2024-03-25 19:05:03.223 [info] update#setState checking for updates
2024-03-25 19:05:03.224 [info] update#setState idle
2024-03-25 20:05:03.226 [info] update#setState checking for updates
2024-03-25 20:05:03.228 [info] update#setState idle
2024-03-25 21:05:03.227 [info] update#setState checking for updates
2024-03-25 21:05:03.229 [info] update#setState idle
2024-03-25 22:05:03.229 [info] update#setState checking for updates
2024-03-25 22:05:03.231 [info] update#setState idle
2024-03-25 23:05:03.232 [info] update#setState checking for updates
2024-03-25 23:05:03.234 [info] update#setState idle
2024-03-26 00:05:03.235 [info] update#setState checking for updates
2024-03-26 00:05:03.237 [info] update#setState idle
2024-03-26 01:05:03.237 [info] update#setState checking for updates
2024-03-26 01:05:03.239 [info] update#setState idle
2024-03-26 02:05:03.239 [info] update#setState checking for updates
2024-03-26 02:05:03.240 [info] update#setState idle
2024-03-26 03:05:03.241 [info] update#setState checking for updates
2024-03-26 03:05:03.243 [info] update#setState idle
2024-03-26 04:05:03.243 [info] update#setState checking for updates
2024-03-26 04:05:03.245 [info] update#setState idle
2024-03-26 05:05:03.245 [info] update#setState checking for updates
2024-03-26 05:05:03.246 [info] update#setState idle
2024-03-26 06:05:03.246 [info] update#setState checking for updates
2024-03-26 06:05:03.248 [info] update#setState idle
2024-03-26 07:05:03.247 [info] update#setState checking for updates
2024-03-26 07:05:03.248 [info] update#setState idle
2024-03-26 08:05:03.247 [info] update#setState checking for updates
2024-03-26 08:05:03.250 [info] update#setState idle
2024-03-26 09:05:03.248 [info] update#setState checking for updates
2024-03-26 09:05:03.250 [info] update#setState idle
2024-03-26 10:05:03.250 [info] update#setState checking for updates
2024-03-26 10:05:03.252 [info] update#setState idle
2024-03-26 11:05:03.251 [info] update#setState checking for updates
2024-03-26 11:05:03.253 [info] update#setState idle
2024-03-26 12:05:03.252 [info] update#setState checking for updates
2024-03-26 12:05:03.253 [info] update#setState idle
2024-03-26 13:05:03.253 [info] update#setState checking for updates
2024-03-26 13:05:03.255 [info] update#setState idle
2024-03-26 14:05:03.254 [info] update#setState checking for updates
2024-03-26 14:05:03.255 [info] update#setState idle
2024-03-26 15:05:03.257 [info] update#setState checking for updates
2024-03-26 15:05:03.258 [info] update#setState idle
2024-03-26 16:05:03.261 [info] update#setState checking for updates
2024-03-26 16:05:03.263 [info] update#setState idle
2024-03-26 17:05:03.265 [info] update#setState checking for updates
2024-03-26 17:05:03.267 [info] update#setState idle
2024-03-26 18:05:03.269 [info] update#setState checking for updates
2024-03-26 18:05:03.271 [info] update#setState idle
2024-03-26 19:05:03.271 [info] update#setState checking for updates
2024-03-26 19:05:03.273 [info] update#setState idle
2024-03-26 20:05:03.275 [info] update#setState checking for updates
2024-03-26 20:05:03.277 [info] update#setState idle
2024-03-26 20:58:45.971 [info] update#setState checking for updates
2024-03-26 20:58:45.973 [info] update#setState ready
2024-04-10 15:21:03.910 [info] Extension host with pid 2819158 exited with code: 0, signal: unknown.
