2024-02-22 12:51:38.347 [info] O experimento 'pythonRecommendTensorboardExt' está ativo
2024-02-22 12:51:38.347 [info] O experimento 'pythonREPLSmartSend' está ativo
2024-02-22 12:51:38.347 [info] O experimento 'pythonSurveyNotificationcf' está ativo
2024-02-22 12:51:38.347 [info] O experimento 'pythonTerminalEnvVarActivation' está ativo
2024-02-22 12:51:38.347 [info] O experimento 'pythonTestAdapter' está ativo
2024-02-22 12:51:38.420 [info] Default formatter is set to null for workspace /home/servidor/calendarioapp
2024-02-22 12:51:38.445 [info] Test server listening.
2024-02-22 12:51:38.901 [info] Found: /bin/python3 --> /bin/python3.10
2024-02-22 12:51:38.901 [info] Found: /bin/python3.10 --> /bin/python3.10
2024-02-22 12:51:38.904 [error] Custom .env is likely not pointing to a valid file [EntryIsADirectory (FileSystemError): Error: EISDIR: illegal operation on a directory, read
	at E.e (/snap/code/152/usr/share/code/resources/app/out/vs/workbench/api/node/extensionHostProcess.js:149:6267)
	at Object.readFile (/snap/code/152/usr/share/code/resources/app/out/vs/workbench/api/node/extensionHostProcess.js:149:4464)
	at async b.readText (/root/.vscode/extensions/ms-python.python-2024.0.1/out/client/extension.js:2:192205)
	at async f.parseFile (/root/.vscode/extensions/ms-python.python-2024.0.1/out/client/extension.js:2:318368)
	at async v._getEnvironmentVariables (/root/.vscode/extensions/ms-python.python-2024.0.1/out/client/extension.js:2:323051)
	at async v.getEnvironmentVariables (/root/.vscode/extensions/ms-python.python-2024.0.1/out/client/extension.js:2:322218)
	at async u.create (/root/.vscode/extensions/ms-python.python-2024.0.1/out/client/extension.js:2:213330)
	at async t.exec (/root/.vscode/extensions/ms-python.python-2024.0.1/out/client/extension.js:2:591195)
	at async E.getInfoImpl (/root/.vscode/extensions/ms-python.python-2024.0.1/out/client/extension.js:2:573408)
	at async E.locate (/root/.vscode/extensions/ms-python.python-2024.0.1/out/client/extension.js:2:572670)
	at async l.doIterEnvs (/root/.vscode/extensions/ms-python.python-2024.0.1/out/client/extension.js:2:540410)
	at async l._iterEnvs (/root/.vscode/extensions/ms-python.python-2024.0.1/out/client/extension.js:2:520662)
	at async i (/root/.vscode/extensions/ms-python.python-2024.0.1/out/client/extension.js:2:275345)] {
  code: 'FileIsADirectory'
}
2024-02-22 12:51:38.912 [info] > conda info --json
2024-02-22 12:51:38.915 [warning] Retry failed, storage update failed for key PYTHON_GLOBAL_STORAGE_KEYS
2024-02-22 12:51:38.915 [warning] Retry failed, storage update failed for key PYTHON_GLOBAL_STORAGE_KEYS
2024-02-22 12:51:38.915 [warning] Retry failed, storage update failed for key PYTHON_GLOBAL_STORAGE_KEYS
2024-02-22 12:51:38.915 [warning] Retry failed, storage update failed for key PYTHON_GLOBAL_STORAGE_KEYS
2024-02-22 12:51:38.915 [warning] Retry failed, storage update failed for key PYTHON_GLOBAL_STORAGE_KEYS
2024-02-22 12:51:38.916 [warning] Retry failed, storage update failed for key PYTHON_WORKSPACE_STORAGE_KEYS
2024-02-22 12:51:38.916 [warning] Retry failed, storage update failed for key PYTHON_WORKSPACE_STORAGE_KEYS
2024-02-22 12:51:38.916 [warning] Retry failed, storage update failed for key PYTHON_WORKSPACE_STORAGE_KEYS
2024-02-22 12:51:38.932 [info] Found: /usr/bin/python3 --> /usr/bin/python3.10
2024-02-22 12:51:38.932 [info] Found: /usr/bin/python3.10 --> /usr/bin/python3.10
2024-02-22 12:51:38.950 [info] > ./python -I ~/.vscode/extensions/ms-python.python-2024.0.1/pythonFiles/get_output_via_markers.py ~/.vscode/extensions/ms-python.python-2024.0.1/pythonFiles/interpreterInfo.py
2024-02-22 12:51:38.953 [error] [Error: Command failed: /home/servidor/calendarioapp/python -I /root/.vscode/extensions/ms-python.python-2024.0.1/pythonFiles/get_output_via_markers.py /root/.vscode/extensions/ms-python.python-2024.0.1/pythonFiles/interpreterInfo.py
/bin/sh: 1: /home/servidor/calendarioapp/python: Permission denied

	at ChildProcess.exithandler (node:child_process:431:12)
	at ChildProcess.emit (node:events:526:35)
	at maybeClose (node:internal/child_process:1091:16)
	at Socket.<anonymous> (node:internal/child_process:449:11)
	at Socket.emit (node:events:514:28)
	at Pipe.<anonymous> (node:net:323:12)] {
  code: 126,
  killed: false,
  signal: null,
  cmd: '/home/servidor/calendarioapp/python -I /root/.vscode/extensions/ms-python.python-2024.0.1/pythonFiles/get_output_via_markers.py /root/.vscode/extensions/ms-python.python-2024.0.1/pythonFiles/interpreterInfo.py'
}
2024-02-22 12:51:38.962 [info] > ./venv/bin/python -I ~/.vscode/extensions/ms-python.python-2024.0.1/pythonFiles/get_output_via_markers.py ~/.vscode/extensions/ms-python.python-2024.0.1/pythonFiles/interpreterInfo.py
2024-02-22 12:51:38.972 [info] > /bin/python3 -I ~/.vscode/extensions/ms-python.python-2024.0.1/pythonFiles/get_output_via_markers.py ~/.vscode/extensions/ms-python.python-2024.0.1/pythonFiles/interpreterInfo.py
2024-02-22 12:51:38.997 [info] > /usr/bin/python3 -I ~/.vscode/extensions/ms-python.python-2024.0.1/pythonFiles/get_output_via_markers.py ~/.vscode/extensions/ms-python.python-2024.0.1/pythonFiles/interpreterInfo.py
2024-02-22 12:51:40.963 [info] > ./python -I ~/.vscode/extensions/ms-python.python-2024.0.1/pythonFiles/get_output_via_markers.py ~/.vscode/extensions/ms-python.python-2024.0.1/pythonFiles/interpreterInfo.py
2024-02-22 12:51:41.035 [error] [Error: Command failed: /home/servidor/calendarioapp/python -I /root/.vscode/extensions/ms-python.python-2024.0.1/pythonFiles/get_output_via_markers.py /root/.vscode/extensions/ms-python.python-2024.0.1/pythonFiles/interpreterInfo.py
/bin/sh: 1: /home/servidor/calendarioapp/python: Permission denied

	at ChildProcess.exithandler (node:child_process:431:12)
	at ChildProcess.emit (node:events:526:35)
	at maybeClose (node:internal/child_process:1091:16)
	at Socket.<anonymous> (node:internal/child_process:449:11)
	at Socket.emit (node:events:514:28)
	at Pipe.<anonymous> (node:net:323:12)] {
  code: 126,
  killed: false,
  signal: null,
  cmd: '/home/servidor/calendarioapp/python -I /root/.vscode/extensions/ms-python.python-2024.0.1/pythonFiles/get_output_via_markers.py /root/.vscode/extensions/ms-python.python-2024.0.1/pythonFiles/interpreterInfo.py'
}
2024-02-22 12:51:41.058 [error] Custom .env is likely not pointing to a valid file [EntryIsADirectory (FileSystemError): Error: EISDIR: illegal operation on a directory, read
	at E.e (/snap/code/152/usr/share/code/resources/app/out/vs/workbench/api/node/extensionHostProcess.js:149:6267)
	at Object.readFile (/snap/code/152/usr/share/code/resources/app/out/vs/workbench/api/node/extensionHostProcess.js:149:4464)
	at async b.readText (/root/.vscode/extensions/ms-python.python-2024.0.1/out/client/extension.js:2:192205)
	at async f.parseFile (/root/.vscode/extensions/ms-python.python-2024.0.1/out/client/extension.js:2:318368)
	at async v._getEnvironmentVariables (/root/.vscode/extensions/ms-python.python-2024.0.1/out/client/extension.js:2:323051)
	at async v.getEnvironmentVariables (/root/.vscode/extensions/ms-python.python-2024.0.1/out/client/extension.js:2:322218)
	at async u.create (/root/.vscode/extensions/ms-python.python-2024.0.1/out/client/extension.js:2:213330)
	at async S.create (/root/.vscode/extensions/ms-python.python-2024.0.1/out/client/extension.js:2:218102)
	at async _.getActiveInterpreter (/root/.vscode/extensions/ms-python.python-2024.0.1/out/client/extension.js:2:452528)
	at async f.updateDisplay (/root/.vscode/extensions/ms-python.python-2024.0.1/out/client/extension.js:2:440058)
	at async f.refresh (/root/.vscode/extensions/ms-python.python-2024.0.1/out/client/extension.js:2:439668)
	at async _.refresh (/root/.vscode/extensions/ms-python.python-2024.0.1/out/client/extension.js:2:449919)
	at async Timeout._onTimeout (/root/.vscode/extensions/ms-python.python-2024.0.1/out/client/extension.js:2:2957578)] {
  code: 'FileIsADirectory'
}
2024-02-22 12:51:41.095 [warning] Retry failed, storage update failed for key PYTHON_GLOBAL_STORAGE_KEYS
2024-02-22 12:51:41.098 [info] Caminho do interpretador Python: ./venv/bin/python
2024-02-22 12:51:41.129 [info] > . ./venv/bin/activate && echo 'e8b39361-0157-4923-80e1-22d70d46dee6' && python ~/.vscode/extensions/ms-python.python-2024.0.1/pythonFiles/printEnvVariables.py
2024-02-22 12:51:41.129 [info] shell: bash
2024-02-22 12:51:41.174 [info] > /bin/python3 ~/.vscode/extensions/ms-python.python-2024.0.1/pythonFiles/printEnvVariables.py
2024-02-22 12:51:41.174 [info] shell: bash
2024-02-22 12:51:41.206 [info] Send text to terminal: /bin/python3 /root/.vscode/extensions/ms-python.python-2024.0.1/pythonFiles/printEnvVariablesToFile.py /root/.vscode/extensions/ms-python.python-2024.0.1/pythonFiles/deactivate/bash/envVars.txt
2024-02-22 12:51:42.616 [info] Iniciando servidor de idiomas Pylance.
2024-02-22 12:52:00.770 [info] Discover tests for workspace name: calendarioapp - uri: /home/servidor/calendarioapp/webpages/serializers.py
2024-02-22 13:40:35.515 [info] Discover tests for workspace name: calendarioapp - uri: /home/servidor/calendarioapp/webpages/models2.py
2024-02-22 13:42:21.718 [info] Discover tests for workspace name: calendarioapp - uri: /home/servidor/calendarioapp/webpages/models.py
2024-02-22 14:06:48.429 [info] Discover tests for workspace name: calendarioapp - uri: /home/servidor/calendarioapp/webpages/models.py
2024-02-22 14:17:59.581 [info] Discover tests for workspace name: calendarioapp - uri: /home/servidor/calendarioapp/webpages/models.py
2024-02-22 14:20:51.732 [info] Discover tests for workspace name: calendarioapp - uri: /home/servidor/calendarioapp/webpages/models.py
2024-02-22 14:25:44.421 [info] Discover tests for workspace name: calendarioapp - uri: /home/servidor/calendarioapp/webpages/views.py
2024-02-22 14:28:22.133 [info] Discover tests for workspace name: calendarioapp - uri: /home/servidor/calendarioapp/webpages/serializers.py
2024-02-22 14:29:22.234 [info] Discover tests for workspace name: calendarioapp - uri: /home/servidor/calendarioapp/webpages/admin.py
2024-02-22 14:30:24.894 [info] Discover tests for workspace name: calendarioapp - uri: /home/servidor/calendarioapp/webpages/serializers.py
2024-02-22 14:31:05.630 [info] Discover tests for workspace name: calendarioapp - uri: /home/servidor/calendarioapp/webpages/views.py
2024-02-22 14:32:35.051 [info] Discover tests for workspace name: calendarioapp - uri: /home/servidor/calendarioapp/webpages/urls.py
2024-02-22 14:33:13.482 [info] Discover tests for workspace name: calendarioapp - uri: /home/servidor/calendarioapp/webpages/models.py
2024-02-22 14:34:55.916 [info] Discover tests for workspace name: calendarioapp - uri: /home/servidor/calendarioapp/webpages/models.py
2024-02-22 14:36:26.709 [info] Discover tests for workspace name: calendarioapp - uri: /home/servidor/calendarioapp/webpages/models.py
2024-02-22 14:37:42.048 [info] Discover tests for workspace name: calendarioapp - uri: /home/servidor/calendarioapp/webpages/models.py
2024-02-22 14:37:45.912 [info] Discover tests for workspace name: calendarioapp - uri: /home/servidor/calendarioapp/webpages/models.py
2024-02-22 14:38:39.795 [info] Discover tests for workspace name: calendarioapp - uri: /home/servidor/calendarioapp/webpages/migrations/0014_capacidades_remove_vinculo_pessoa_and_more.py
2024-02-22 14:38:43.378 [info] Discover tests for workspace name: calendarioapp - uri: /home/servidor/calendarioapp/webpages/migrations/0014_capacidades_remove_vinculo_pessoa_and_more.py
2024-02-22 14:44:33.478 [info] Discover tests for workspace name: calendarioapp - uri: /home/servidor/calendarioapp/webpages/admin.py
2024-02-22 15:37:38.620 [info] Discover tests for workspace name: calendarioapp - uri: /home/servidor/calendarioapp/webpages/models.py
2024-02-22 15:38:17.787 [info] Discover tests for workspace name: calendarioapp - uri: /home/servidor/calendarioapp/webpages/models.py
2024-02-22 15:39:55.986 [info] Discover tests for workspace name: calendarioapp - uri: /home/servidor/calendarioapp/webpages/models.py
2024-02-22 16:49:01.503 [info] Discover tests for workspace name: calendarioapp - uri: /home/servidor/calendarioapp/webpages/serializers.py
2024-02-22 16:53:46.659 [info] Discover tests for workspace name: calendarioapp - uri: /home/servidor/calendarioapp/webpages/serializers.py
2024-02-22 17:21:22.049 [info] Discover tests for workspace name: calendarioapp - uri: /home/servidor/calendarioapp/webpages/views.py
2024-02-22 17:25:39.713 [info] Discover tests for workspace name: calendarioapp - uri: /home/servidor/calendarioapp/webpages/urls.py
2024-02-23 13:53:52.213 [info] Discover tests for workspace name: calendarioapp - uri: /home/servidor/calendarioapp/webpages/serializers.py
2024-02-23 14:05:24.301 [info] Discover tests for workspace name: calendarioapp - uri: /home/servidor/calendarioapp/webpages/urls.py
2024-02-23 14:06:21.682 [info] Discover tests for workspace name: calendarioapp - uri: /home/servidor/calendarioapp/webpages/urls.py
2024-02-23 14:44:37.711 [info] Discover tests for workspace name: calendarioapp - uri: /home/servidor/calendarioapp/webpages/views.py
2024-02-23 14:52:37.668 [info] Discover tests for workspace name: calendarioapp - uri: /home/servidor/calendarioapp/webpages/urls.py
2024-02-23 17:05:10.927 [info] Discover tests for workspace name: calendarioapp - uri: /home/servidor/calendarioapp/webpages/views.py
2024-02-23 17:18:02.972 [info] Discover tests for workspace name: calendarioapp - uri: /home/servidor/calendarioapp/webpages/models.py
2024-02-23 17:19:10.446 [info] Discover tests for workspace name: calendarioapp - uri: /home/servidor/calendarioapp/webpages/serializers.py
2024-02-23 20:58:23.364 [info] Discover tests for workspace name: calendarioapp - uri: /home/servidor/calendarioapp/webpages/models.py
2024-02-23 20:59:22.908 [info] Discover tests for workspace name: calendarioapp - uri: /home/servidor/calendarioapp/webpages/models.py
2024-02-26 15:49:11.325 [info] Discover tests for workspace name: calendarioapp - uri: /home/servidor/calendarioapp/webpages/models.py
2024-02-29 12:57:12.782 [error] Custom .env is likely not pointing to a valid file [EntryIsADirectory (FileSystemError): Error: EISDIR: illegal operation on a directory, read
	at E.e (/snap/code/152/usr/share/code/resources/app/out/vs/workbench/api/node/extensionHostProcess.js:149:6267)
	at Object.readFile (/snap/code/152/usr/share/code/resources/app/out/vs/workbench/api/node/extensionHostProcess.js:149:4464)
	at async b.readText (/root/.vscode/extensions/ms-python.python-2024.0.1/out/client/extension.js:2:192205)
	at async f.parseFile (/root/.vscode/extensions/ms-python.python-2024.0.1/out/client/extension.js:2:318368)
	at async v._getEnvironmentVariables (/root/.vscode/extensions/ms-python.python-2024.0.1/out/client/extension.js:2:323051)
	at async v.getEnvironmentVariables (/root/.vscode/extensions/ms-python.python-2024.0.1/out/client/extension.js:2:322218)
	at async u.create (/root/.vscode/extensions/ms-python.python-2024.0.1/out/client/extension.js:2:213330)
	at async b.normalizeLines (/root/.vscode/extensions/ms-python.python-2024.0.1/out/client/extension.js:2:722419)
	at async b.executeSelection (/root/.vscode/extensions/ms-python.python-2024.0.1/out/client/extension.js:2:716238)
	at async b.executeSelectionInTerminal (/root/.vscode/extensions/ms-python.python-2024.0.1/out/client/extension.js:2:715827)
	at async /root/.vscode/extensions/ms-python.python-2024.0.1/out/client/extension.js:2:714254
	at async s.h (/snap/code/152/usr/share/code/resources/app/out/vs/workbench/api/node/extensionHostProcess.js:150:175235)] {
  code: 'FileIsADirectory'
}
2024-02-29 12:57:12.801 [info] > ./venv/bin/python ~/.vscode/extensions/ms-python.python-2024.0.1/pythonFiles/normalizeSelection.py
2024-02-29 12:57:12.945 [info] Send text to terminal: /home/servidor/calendarioapp/venv/bin/python
2024-02-29 12:58:57.639 [info] > ./venv/bin/python ~/.vscode/extensions/ms-python.python-2024.0.1/pythonFiles/normalizeSelection.py
2024-02-29 12:58:57.725 [info] Selected file contains invalid Python or Deprecated Python 2 code
2024-02-29 13:04:12.592 [info] Discover tests for workspace name: calendarioapp - uri: /home/servidor/calendarioapp/webpages/models.py
